============= Error Logging ===========
=========== Start ============= 18/05/2020 19:10:54
Error Message: System.FormatException: La cadena especificada no tiene la forma obligatoria para una direcci贸n de correo electr贸nico.
   en System.Net.Mail.MailAddressParser.ReadCfwsAndThrowIfIncomplete(String data, Int32 index)
   en System.Net.Mail.MailAddressParser.ParseDomain(String data, Int32& index)
   en System.Net.Mail.MailAddressParser.ParseAddress(String data, Boolean expectMultipleAddresses, Int32& index)
   en System.Net.Mail.MailAddressParser.ParseMultipleAddresses(String data)
   en System.Net.Mail.MailAddressCollection.ParseValue(String addresses)
   en System.Net.Mail.MailAddressCollection.Add(String addresses)
   en ProyectoFinal_DI_AlexisSantana.view.MailWindow.SendMail(Object sender, RoutedEventArgs e)
   en System.Windows.RoutedEventHandlerInfo.InvokeHandler(Object target, RoutedEventArgs routedEventArgs)
   en System.Windows.EventRoute.InvokeHandlersImpl(Object source, RoutedEventArgs args, Boolean reRaised)
   en System.Windows.UIElement.RaiseEventImpl(DependencyObject sender, RoutedEventArgs args)
   en System.Windows.UIElement.RaiseEvent(RoutedEventArgs e)
   en System.Windows.Controls.Primitives.ButtonBase.OnClick()
   en System.Windows.Controls.Button.OnClick()
   en System.Windows.Controls.Primitives.ButtonBase.OnMouseLeftButtonUp(MouseButtonEventArgs e)
   en System.Windows.UIElement.OnMouseLeftButtonUpThunk(Object sender, MouseButtonEventArgs e)
   en System.Windows.Input.MouseButtonEventArgs.InvokeEventHandler(Delegate genericHandler, Object genericTarget)
   en System.Windows.RoutedEventArgs.InvokeHandler(Delegate handler, Object target)
   en System.Windows.RoutedEventHandlerInfo.InvokeHandler(Object target, RoutedEventArgs routedEventArgs)
   en System.Windows.EventRoute.InvokeHandlersImpl(Object source, RoutedEventArgs args, Boolean reRaised)
   en System.Windows.UIElement.ReRaiseEventAs(DependencyObject sender, RoutedEventArgs args, RoutedEvent newEvent)
   en System.Windows.UIElement.OnMouseUpThunk(Object sender, MouseButtonEventArgs e)
   en System.Windows.Input.MouseButtonEventArgs.InvokeEventHandler(Delegate genericHandler, Object genericTarget)
   en System.Windows.RoutedEventArgs.InvokeHandler(Delegate handler, Object target)
   en System.Windows.RoutedEventHandlerInfo.InvokeHandler(Object target, RoutedEventArgs routedEventArgs)
   en System.Windows.EventRoute.InvokeHandlersImpl(Object source, RoutedEventArgs args, Boolean reRaised)
   en System.Windows.UIElement.RaiseEventImpl(DependencyObject sender, RoutedEventArgs args)
   en System.Windows.UIElement.RaiseTrustedEvent(RoutedEventArgs args)
   en System.Windows.UIElement.RaiseEvent(RoutedEventArgs args, Boolean trusted)
   en System.Windows.Input.InputManager.ProcessStagingArea()
   en System.Windows.Input.InputManager.ProcessInput(InputEventArgs input)
   en System.Windows.Input.InputProviderSite.ReportInput(InputReport inputReport)
   en System.Windows.Interop.HwndMouseInputProvider.ReportInput(IntPtr hwnd, InputMode mode, Int32 timestamp, RawMouseActions actions, Int32 x, Int32 y, Int32 wheel)
   en System.Windows.Interop.HwndMouseInputProvider.FilterMessage(IntPtr hwnd, WindowMessage msg, IntPtr wParam, IntPtr lParam, Boolean& handled)
   en System.Windows.Interop.HwndSource.InputFilterMessage(IntPtr hwnd, Int32 msg, IntPtr wParam, IntPtr lParam, Boolean& handled)
   en MS.Win32.HwndWrapper.WndProc(IntPtr hwnd, Int32 msg, IntPtr wParam, IntPtr lParam, Boolean& handled)
   en MS.Win32.HwndSubclass.DispatcherCallbackOperation(Object o)
   en System.Windows.Threading.ExceptionWrapper.InternalRealCall(Delegate callback, Object args, Int32 numArgs)
   en System.Windows.Threading.ExceptionWrapper.TryCatchWhen(Object source, Delegate callback, Object args, Int32 numArgs, Delegate catchHandler)
   en System.Windows.Threading.Dispatcher.LegacyInvokeImpl(DispatcherPriority priority, TimeSpan timeout, Delegate method, Object args, Int32 numArgs)
   en MS.Win32.HwndSubclass.SubclassWndProc(IntPtr hwnd, Int32 msg, IntPtr wParam, IntPtr lParam)
   en MS.Win32.UnsafeNativeMethods.DispatchMessage(MSG& msg)
   en System.Windows.Threading.Dispatcher.PushFrameImpl(DispatcherFrame frame)
   en System.Windows.Threading.Dispatcher.PushFrame(DispatcherFrame frame)
   en System.Windows.Window.ShowHelper(Object booleanBox)
   en System.Windows.Window.Show()
   en System.Windows.Window.ShowDialog()
   en ProyectoFinal_DI_AlexisSantana.viewmodel.ViewModel.MostrarCorreo()
Stack Trace: System.FormatException: La cadena especificada no tiene la forma obligatoria para una direcci贸n de correo electr贸nico.
   en System.Net.Mail.MailAddressParser.ReadCfwsAndThrowIfIncomplete(String data, Int32 index)
   en System.Net.Mail.MailAddressParser.ParseDomain(String data, Int32& index)
   en System.Net.Mail.MailAddressParser.ParseAddress(String data, Boolean expectMultipleAddresses, Int32& index)
   en System.Net.Mail.MailAddressParser.ParseMultipleAddresses(String data)
   en System.Net.Mail.MailAddressCollection.ParseValue(String addresses)
   en System.Net.Mail.MailAddressCollection.Add(String addresses)
   en ProyectoFinal_DI_AlexisSantana.view.MailWindow.SendMail(Object sender, RoutedEventArgs e)
   en System.Windows.RoutedEventHandlerInfo.InvokeHandler(Object target, RoutedEventArgs routedEventArgs)
   en System.Windows.EventRoute.InvokeHandlersImpl(Object source, RoutedEventArgs args, Boolean reRaised)
   en System.Windows.UIElement.RaiseEventImpl(DependencyObject sender, RoutedEventArgs args)
   en System.Windows.UIElement.RaiseEvent(RoutedEventArgs e)
   en System.Windows.Controls.Primitives.ButtonBase.OnClick()
   en System.Windows.Controls.Button.OnClick()
   en System.Windows.Controls.Primitives.ButtonBase.OnMouseLeftButtonUp(MouseButtonEventArgs e)
   en System.Windows.UIElement.OnMouseLeftButtonUpThunk(Object sender, MouseButtonEventArgs e)
   en System.Windows.Input.MouseButtonEventArgs.InvokeEventHandler(Delegate genericHandler, Object genericTarget)
   en System.Windows.RoutedEventArgs.InvokeHandler(Delegate handler, Object target)
   en System.Windows.RoutedEventHandlerInfo.InvokeHandler(Object target, RoutedEventArgs routedEventArgs)
   en System.Windows.EventRoute.InvokeHandlersImpl(Object source, RoutedEventArgs args, Boolean reRaised)
   en System.Windows.UIElement.ReRaiseEventAs(DependencyObject sender, RoutedEventArgs args, RoutedEvent newEvent)
   en System.Windows.UIElement.OnMouseUpThunk(Object sender, MouseButtonEventArgs e)
   en System.Windows.Input.MouseButtonEventArgs.InvokeEventHandler(Delegate genericHandler, Object genericTarget)
   en System.Windows.RoutedEventArgs.InvokeHandler(Delegate handler, Object target)
   en System.Windows.RoutedEventHandlerInfo.InvokeHandler(Object target, RoutedEventArgs routedEventArgs)
   en System.Windows.EventRoute.InvokeHandlersImpl(Object source, RoutedEventArgs args, Boolean reRaised)
   en System.Windows.UIElement.RaiseEventImpl(DependencyObject sender, RoutedEventArgs args)
   en System.Windows.UIElement.RaiseTrustedEvent(RoutedEventArgs args)
   en System.Windows.UIElement.RaiseEvent(RoutedEventArgs args, Boolean trusted)
   en System.Windows.Input.InputManager.ProcessStagingArea()
   en System.Windows.Input.InputManager.ProcessInput(InputEventArgs input)
   en System.Windows.Input.InputProviderSite.ReportInput(InputReport inputReport)
   en System.Windows.Interop.HwndMouseInputProvider.ReportInput(IntPtr hwnd, InputMode mode, Int32 timestamp, RawMouseActions actions, Int32 x, Int32 y, Int32 wheel)
   en System.Windows.Interop.HwndMouseInputProvider.FilterMessage(IntPtr hwnd, WindowMessage msg, IntPtr wParam, IntPtr lParam, Boolean& handled)
   en System.Windows.Interop.HwndSource.InputFilterMessage(IntPtr hwnd, Int32 msg, IntPtr wParam, IntPtr lParam, Boolean& handled)
   en MS.Win32.HwndWrapper.WndProc(IntPtr hwnd, Int32 msg, IntPtr wParam, IntPtr lParam, Boolean& handled)
   en MS.Win32.HwndSubclass.DispatcherCallbackOperation(Object o)
   en System.Windows.Threading.ExceptionWrapper.InternalRealCall(Delegate callback, Object args, Int32 numArgs)
   en System.Windows.Threading.ExceptionWrapper.TryCatchWhen(Object source, Delegate callback, Object args, Int32 numArgs, Delegate catchHandler)
   en System.Windows.Threading.Dispatcher.LegacyInvokeImpl(DispatcherPriority priority, TimeSpan timeout, Delegate method, Object args, Int32 numArgs)
   en MS.Win32.HwndSubclass.SubclassWndProc(IntPtr hwnd, Int32 msg, IntPtr wParam, IntPtr lParam)
   en MS.Win32.UnsafeNativeMethods.DispatchMessage(MSG& msg)
   en System.Windows.Threading.Dispatcher.PushFrameImpl(DispatcherFrame frame)
   en System.Windows.Threading.Dispatcher.PushFrame(DispatcherFrame frame)
   en System.Windows.Window.ShowHelper(Object booleanBox)
   en System.Windows.Window.Show()
   en System.Windows.Window.ShowDialog()
   en ProyectoFinal_DI_AlexisSantana.viewmodel.ViewModel.MostrarCorreo()
===========End============= 18/05/2020 19:10:54
============= Error Logging ===========
=========== Start ============= 19/05/2020 16:56:11
Error Message: System.InvalidCastException: No se puede convertir un objeto DBNull en otros tipos.
   en System.DBNull.System.IConvertible.ToDouble(IFormatProvider provider)
   en System.Convert.ToDouble(Object value)
   en ProyectoFinal_DI_AlexisSantana.data.DB.DBConnection.ReadCompras()
Stack Trace: System.InvalidCastException: No se puede convertir un objeto DBNull en otros tipos.
   en System.DBNull.System.IConvertible.ToDouble(IFormatProvider provider)
   en System.Convert.ToDouble(Object value)
   en ProyectoFinal_DI_AlexisSantana.data.DB.DBConnection.ReadCompras()
===========End============= 19/05/2020 16:56:11
============= Error Logging ===========
=========== Start ============= 19/05/2020 16:59:07
Error Message: System.InvalidCastException: No se puede convertir un objeto DBNull en otros tipos.
   en System.DBNull.System.IConvertible.ToDouble(IFormatProvider provider)
   en System.Convert.ToDouble(Object value)
   en ProyectoFinal_DI_AlexisSantana.data.DB.DBConnection.ReadCompras()
Stack Trace: System.InvalidCastException: No se puede convertir un objeto DBNull en otros tipos.
   en System.DBNull.System.IConvertible.ToDouble(IFormatProvider provider)
   en System.Convert.ToDouble(Object value)
   en ProyectoFinal_DI_AlexisSantana.data.DB.DBConnection.ReadCompras()
===========End============= 19/05/2020 16:59:07
